#
# A fatal error has been detected by the Java Runtime Environment:
#
#  EXCEPTION_ACCESS_VIOLATION (0xc0000005) at pc=0x000001ece15f112d, pid=12928, tid=6992
#
# JRE version: OpenJDK Runtime Environment Corretto-11.0.26.4.1 (11.0.26+4) (build 11.0.26+4-LTS)
# Java VM: OpenJDK 64-Bit Server VM Corretto-11.0.26.4.1 (11.0.26+4-LTS, mixed mode, tiered, compressed oops, g1 gc, windows-amd64)
# Problematic frame:
# v  ~StubRoutines::get_previous_fp
#
# No core dump will be written. Minidumps are not enabled by default on client versions of Windows
#
# If you would like to submit a bug report, please visit:
#   https://github.com/corretto/corretto-11/issues/
#

---------------  S U M M A R Y ------------

Command Line: -javaagent:C:\\Users\\Пользователь\\.m2\\repository\\org\\jacoco\\org.jacoco.agent\\0.8.5\\org.jacoco.agent-0.8.5-runtime.jar=destfile=C:\\Users\\Пользователь\\Desktop\\JACOCO\\target\\jacoco.exec C:\Users\73B5~1\AppData\Local\Temp\surefire8572559523731473846\surefirebooter1331693883812744055.jar C:\Users\Пользователь\AppData\Local\Temp\surefire8572559523731473846 2025-02-05T15-39-31_192-jvmRun1 surefire6027265859946738542tmp surefire_013550743352041784330tmp

Host: Intel(R) Xeon(R) CPU E5-2640 v4 @ 2.40GHz, 20 cores, 15G,  Windows 10 , 64 bit Build 19041 (10.0.19041.5198)
Time: Wed Feb  5 15:39:32 2025  Windows 10 , 64 bit Build 19041 (10.0.19041.5198) elapsed time: 0.252817 seconds (0d 0h 0m 0s)

---------------  T H R E A D  ---------------

Current thread (0x000001ecd8e63800):  JavaThread "main" [_thread_in_vm, id=6992, stack(0x000000bacbf00000,0x000000bacc000000)]

Stack: [0x000000bacbf00000,0x000000bacc000000],  sp=0x000000bacbfff0b0,  free space=1020k
Native frames: (J=compiled Java code, j=interpreted, Vv=VM code, C=native code)
C  0x000001ece15f112d


siginfo: EXCEPTION_ACCESS_VIOLATION (0xc0000005), reading address 0x00000000000003d8


Register to memory mapping:

RIP=0x000001ece15f112d is at begin+8 in a stub
StubRoutines::get_previous_fp [0x000001ece15f1125, 0x000001ece15f1132[ (13 bytes)
RAX=0x00000000000003d8 is an unknown value
RBX=0x000000bacbfff150 is pointing into the stack for thread: 0x000001ecd8e63800
RCX=0x000000bacbfff150 is pointing into the stack for thread: 0x000001ecd8e63800
RDX=0x0 is NULL
RSP=0x000000bacbfff0b0 is pointing into the stack for thread: 0x000001ecd8e63800
RBP=0x000000bacbfff0b0 is pointing into the stack for thread: 0x000001ecd8e63800
RSI=0x0 is NULL
RDI=0x000001ecd8e63800 is a thread
R8 =0x000000bacbfff028 is pointing into the stack for thread: 0x000001ecd8e63800
R9 =0x0000000000000001 is an unknown value
R10=0x0 is NULL
R11=0x000000bacbfff0e0 is pointing into the stack for thread: 0x000001ecd8e63800
R12=0x000001ecd8e64638 points into unknown readable memory: 0x0c05371094da2f5e | 5e 2f da 94 10 37 05 0c
R13=0x000001ecd8ee0a20 points into unknown readable memory: 0x000001ecd6b48b40 | 40 8b b4 d6 ec 01 00 00
R14=0x000001ecfe7404c0 points into unknown readable memory: 0x000001ecfe4bec80 | 80 ec 4b fe ec 01 00 00
R15=0x000001ecd8e64260 points into unknown readable memory: 0x0072006f006d0020 | 20 00 6d 00 6f 00 72 00


Registers:
RAX=0x00000000000003d8, RBX=0x000000bacbfff150, RCX=0x000000bacbfff150, RDX=0x0000000000000000
RSP=0x000000bacbfff0b0, RBP=0x000000bacbfff0b0, RSI=0x0000000000000000, RDI=0x000001ecd8e63800
R8 =0x000000bacbfff028, R9 =0x0000000000000001, R10=0x0000000000000000, R11=0x000000bacbfff0e0
R12=0x000001ecd8e64638, R13=0x000001ecd8ee0a20, R14=0x000001ecfe7404c0, R15=0x000001ecd8e64260
RIP=0x000001ece15f112d, EFLAGS=0x0000000000010202

Top of Stack: (sp=0x000000bacbfff0b0)
0x000000bacbfff0b0:   00000000000003d8 00007ff9be2f5f66
0x000000bacbfff0c0:   00000000000000af 000000bacbfff1b0
0x000000bacbfff0d0:   00007ffa093e82d0 00007ffa26edb3e4
0x000000bacbfff0e0:   000001ecd8e64250 00007ff9bdd7272c
0x000000bacbfff0f0:   000001ecd8e63800 000001ecd6b51790
0x000000bacbfff100:   00000000000007d0 0000000000007fd8
0x000000bacbfff110:   000001ecd8e63800 00007ff9be44a371
0x000000bacbfff120:   000001ecd6b51790 000001ecd8e64250
0x000000bacbfff130:   000001ecd8e64250 000001ecfdabfae8
0x000000bacbfff140:   000001ecd8e4a6a8 00007ffa093e148c
0x000000bacbfff150:   0000000000000000 0000000000000024
0x000000bacbfff160:   00007ffa093e82d0 000000bacbfff1b0
0x000000bacbfff170:   00007ffa26faf540 0000000000000000
0x000000bacbfff180:   0000f1c9457bc864 00007ffa093e7ae0
0x000000bacbfff190:   000001ecd8e63800 00007ff9be2f86b0
0x000000bacbfff1a0:   000001ecd8e63b50 00007ffa093e82d0 

Instructions: (pc=0x000001ece15f112d)
0x000001ece15f102d:   84 83 00 00 00 83 fa 07 0f 84 80 00 00 00 89 01
0x000001ece15f103d:   48 8d a5 28 fe ff ff c5 fa 6f 75 b8 c5 fa 6f 7d
0x000001ece15f104d:   a8 c5 7a 6f 45 98 c5 7a 6f 4d 88 c5 7a 6f 95 78
0x000001ece15f105d:   ff ff ff c5 7a 6f 9d 68 ff ff ff c5 7a 6f a5 58
0x000001ece15f106d:   ff ff ff c5 7a 6f ad 48 ff ff ff c5 7a 6f b5 38
0x000001ece15f107d:   ff ff ff c5 7a 6f bd 28 ff ff ff 4c 8b 7d c8 4c
0x000001ece15f108d:   8b 75 d0 4c 8b 6d d8 4c 8b 65 e0 48 8b 5d f8 48
0x000001ece15f109d:   8b 7d e8 48 8b 75 f0 48 81 c4 d8 01 00 00 c5 f8
0x000001ece15f10ad:   77 5d c3 48 89 01 eb 88 c5 fa 11 01 eb 82 c5 fb
0x000001ece15f10bd:   11 01 e9 79 ff ff ff 49 89 47 08 49 ba 40 67 5f
0x000001ece15f10cd:   be f9 7f 00 00 4d 89 57 10 41 c7 47 18 da 01 00
0x000001ece15f10dd:   00 e9 2d ff ff ff 8b c1 87 02 c3 48 8b c1 48 87
0x000001ece15f10ed:   02 c3 41 8b c0 f0 0f b1 0a c3 49 0f be c0 f0 0f
0x000001ece15f10fd:   b0 0a c3 49 8b c0 f0 48 0f b1 0a c3 8b c1 f0 0f
0x000001ece15f110d:   c1 0a 03 c1 c3 48 8b c1 f0 48 0f c1 0a 48 03 c1
0x000001ece15f111d:   c3 f0 83 44 24 c0 00 c3 55 48 8b ec 48 8b 45 00
0x000001ece15f112d:   48 8b 00 5d c3 48 8b c4 48 83 c0 08 c3 c3 0f 1f
0x000001ece15f113d:   44 00 00 55 48 8b ec 49 b9 70 25 75 be f9 7f 00
0x000001ece15f114d:   00 f7 d1 41 83 f8 10 0f 8c 38 02 00 00 44 8b da
0x000001ece15f115d:   41 83 e3 0f 74 23 41 83 eb 10 45 03 c3 66 90 0f
0x000001ece15f116d:   be 02 33 c1 81 e0 ff 00 00 00 c1 e9 08 41 33 0c
0x000001ece15f117d:   81 48 ff c2 41 ff c3 7c e6 45 8b d8 41 c1 e8 04
0x000001ece15f118d:   0f 84 fc 01 00 00 c5 f9 6f 0a c5 f9 7e c8 33 c8
0x000001ece15f119d:   c4 e3 71 22 c9 00 48 83 c2 10 41 83 e8 04 0f 8c
0x000001ece15f11ad:   d7 00 00 00 c5 f9 6f 12 c5 f9 6f 5a 10 c5 f9 6f
0x000001ece15f11bd:   62 20 48 83 c2 30 41 83 e8 03 0f 8e 70 00 00 00
0x000001ece15f11cd:   49 ba 60 25 75 be f9 7f 00 00 c4 c1 7a 6f 02 0f
0x000001ece15f11dd:   1f 40 00 c4 e3 79 44 e9 11 c4 e3 79 44 c9 00 c5
0x000001ece15f11ed:   f1 ef 0a c5 f1 ef cd c4 e3 79 44 ea 11 c4 e3 79
0x000001ece15f11fd:   44 d2 00 c5 e9 ef 52 10 c5 e9 ef d5 c4 e3 79 44
0x000001ece15f120d:   eb 11 c4 e3 79 44 db 00 c5 e1 ef 5a 20 c5 e1 ef
0x000001ece15f121d:   dd c4 e3 79 44 ec 11 c4 e3 79 44 e4 00 c5 d9 ef 


Stack slot to memory mapping:
stack at sp + 0 slots: 0x00000000000003d8 is an unknown value
stack at sp + 1 slots: 0x00007ff9be2f5f66 jvm.dll
stack at sp + 2 slots: 0x00000000000000af is an unknown value
stack at sp + 3 slots: 0x000000bacbfff1b0 is pointing into the stack for thread: 0x000001ecd8e63800
stack at sp + 4 slots: 0x00007ffa093e82d0 instrument.dll
stack at sp + 5 slots: 0x00007ffa26edb3e4 ucrtbase.dll
stack at sp + 6 slots: 0x000001ecd8e64250 points into unknown readable memory: 0x000001ecfe7404b0 | b0 04 74 fe ec 01 00 00
stack at sp + 7 slots: 0x00007ff9bdd7272c jvm.dll

StubRoutines::get_previous_fp [0x000001ece15f1125, 0x000001ece15f1132[ (13 bytes)
---------------  P R O C E S S  ---------------

Threads class SMR info:
_java_thread_list=0x000001ecfe649cb0, length=14, elements={
0x000001ecd8e63800, 0x000001ecfe436000, 0x000001ecfe43e800, 0x000001ecfe498800,
0x000001ecfe49a800, 0x000001ecfe49e000, 0x000001ecfe49f000, 0x000001ecfe4a0800,
0x000001ecfe4a8800, 0x000001ecfe599800, 0x000001ecfe4a6000, 0x000001ecfe652000,
0x000001ecfe68b800, 0x000001ecfe68e800
}

Java Threads: ( => current thread )
=>0x000001ecd8e63800 JavaThread "main" [_thread_in_vm, id=6992, stack(0x000000bacbf00000,0x000000bacc000000)]
  0x000001ecfe436000 JavaThread "Reference Handler" daemon [_thread_blocked, id=7696, stack(0x000000bacc600000,0x000000bacc700000)]
  0x000001ecfe43e800 JavaThread "Finalizer" daemon [_thread_blocked, id=3060, stack(0x000000bacc700000,0x000000bacc800000)]
  0x000001ecfe498800 JavaThread "Signal Dispatcher" daemon [_thread_blocked, id=11320, stack(0x000000bacc800000,0x000000bacc900000)]
  0x000001ecfe49a800 JavaThread "Attach Listener" daemon [_thread_blocked, id=4108, stack(0x000000bacc900000,0x000000bacca00000)]
  0x000001ecfe49e000 JavaThread "Service Thread" daemon [_thread_blocked, id=13748, stack(0x000000bacca00000,0x000000baccb00000)]
  0x000001ecfe49f000 JavaThread "C2 CompilerThread0" daemon [_thread_blocked, id=8796, stack(0x000000baccb00000,0x000000baccc00000)]
  0x000001ecfe4a0800 JavaThread "C1 CompilerThread0" daemon [_thread_blocked, id=9996, stack(0x000000baccc00000,0x000000baccd00000)]
  0x000001ecfe4a8800 JavaThread "Sweeper thread" daemon [_thread_blocked, id=13604, stack(0x000000baccd00000,0x000000bacce00000)]
  0x000001ecfe599800 JavaThread "C1 CompilerThread1" daemon [_thread_blocked, id=13360, stack(0x000000bacce00000,0x000000baccf00000)]
  0x000001ecfe4a6000 JavaThread "Common-Cleaner" daemon [_thread_blocked, id=13132, stack(0x000000baccf00000,0x000000bacd000000)]
  0x000001ecfe652000 JavaThread "C1 CompilerThread2" daemon [_thread_blocked, id=14232, stack(0x000000bacd000000,0x000000bacd100000)]
  0x000001ecfe68b800 JavaThread "C2 CompilerThread1" daemon [_thread_blocked, id=13652, stack(0x000000bacd100000,0x000000bacd200000)]
  0x000001ecfe68e800 JavaThread "C2 CompilerThread2" daemon [_thread_blocked, id=13556, stack(0x000000bacd200000,0x000000bacd300000)]

Other Threads:
  0x000001ecfe40f000 VMThread "VM Thread" [stack: 0x000000bacc500000,0x000000bacc600000] [id=3628]
  0x000001ecd8e7f000 GCTaskThread "GC Thread#0" [stack: 0x000000bacc000000,0x000000bacc100000] [id=12772]
  0x000001ecd8edb000 ConcurrentGCThread "G1 Main Marker" [stack: 0x000000bacc100000,0x000000bacc200000] [id=10680]
  0x000001ecd8edd000 ConcurrentGCThread "G1 Conc#0" [stack: 0x000000bacc200000,0x000000bacc300000] [id=9928]
  0x000001ecfda6d800 ConcurrentGCThread "G1 Refine#0" [stack: 0x000000bacc300000,0x000000bacc400000] [id=13064]
  0x000001ecfda6e800 ConcurrentGCThread "G1 Young RemSet Sampling" [stack: 0x000000bacc400000,0x000000bacc500000] [id=10088]

Threads with active compile tasks:

VM state:not at safepoint (normal execution)

VM Mutex/Monitor currently owned by a thread: None

Heap address: 0x0000000702600000, size: 4058 MB, Compressed Oops mode: Zero based, Oop shift amount: 3
Narrow klass base: 0x0000000800000000, Narrow klass shift: 0
Compressed class space size: 1073741824 Address: 0x0000000800000000

Heap:
 garbage-first heap   total 260096K, used 3072K [0x0000000702600000, 0x0000000800000000)
  region size 1024K, 4 young (4096K), 0 survivors (0K)
 Metaspace       used 6708K, capacity 6850K, committed 7168K, reserved 1056768K
  class space    used 579K, capacity 643K, committed 768K, reserved 1048576K
Heap Regions: E=young(eden), S=young(survivor), O=old, HS=humongous(starts), HC=humongous(continues), CS=collection set, F=free, A=archive, TAMS=top-at-mark-start (previous, next)
|   0|0x0000000702600000, 0x0000000702600000, 0x0000000702700000|  0%| F|  |TAMS 0x0000000702600000, 0x0000000702600000| Untracked 
|   1|0x0000000702700000, 0x0000000702700000, 0x0000000702800000|  0%| F|  |TAMS 0x0000000702700000, 0x0000000702700000| Untracked 
|   2|0x0000000702800000, 0x0000000702800000, 0x0000000702900000|  0%| F|  |TAMS 0x0000000702800000, 0x0000000702800000| Untracked 
|   3|0x0000000702900000, 0x0000000702900000, 0x0000000702a00000|  0%| F|  |TAMS 0x0000000702900000, 0x0000000702900000| Untracked 
|   4|0x0000000702a00000, 0x0000000702a00000, 0x0000000702b00000|  0%| F|  |TAMS 0x0000000702a00000, 0x0000000702a00000| Untracked 
|   5|0x0000000702b00000, 0x0000000702b00000, 0x0000000702c00000|  0%| F|  |TAMS 0x0000000702b00000, 0x0000000702b00000| Untracked 
|   6|0x0000000702c00000, 0x0000000702c00000, 0x0000000702d00000|  0%| F|  |TAMS 0x0000000702c00000, 0x0000000702c00000| Untracked 
|   7|0x0000000702d00000, 0x0000000702d00000, 0x0000000702e00000|  0%| F|  |TAMS 0x0000000702d00000, 0x0000000702d00000| Untracked 
|   8|0x0000000702e00000, 0x0000000702e00000, 0x0000000702f00000|  0%| F|  |TAMS 0x0000000702e00000, 0x0000000702e00000| Untracked 
|   9|0x0000000702f00000, 0x0000000702f00000, 0x0000000703000000|  0%| F|  |TAMS 0x0000000702f00000, 0x0000000702f00000| Untracked 
|  10|0x0000000703000000, 0x0000000703000000, 0x0000000703100000|  0%| F|  |TAMS 0x0000000703000000, 0x0000000703000000| Untracked 
|  11|0x0000000703100000, 0x0000000703100000, 0x0000000703200000|  0%| F|  |TAMS 0x0000000703100000, 0x0000000703100000| Untracked 
|  12|0x0000000703200000, 0x0000000703200000, 0x0000000703300000|  0%| F|  |TAMS 0x0000000703200000, 0x0000000703200000| Untracked 
|  13|0x0000000703300000, 0x0000000703300000, 0x0000000703400000|  0%| F|  |TAMS 0x0000000703300000, 0x0000000703300000| Untracked 
|  14|0x0000000703400000, 0x0000000703400000, 0x0000000703500000|  0%| F|  |TAMS 0x0000000703400000, 0x0000000703400000| Untracked 
|  15|0x0000000703500000, 0x0000000703500000, 0x0000000703600000|  0%| F|  |TAMS 0x0000000703500000, 0x0000000703500000| Untracked 
|  16|0x0000000703600000, 0x0000000703600000, 0x0000000703700000|  0%| F|  |TAMS 0x0000000703600000, 0x0000000703600000| Untracked 
|  17|0x0000000703700000, 0x0000000703700000, 0x0000000703800000|  0%| F|  |TAMS 0x0000000703700000, 0x0000000703700000| Untracked 
|  18|0x0000000703800000, 0x0000000703800000, 0x0000000703900000|  0%| F|  |TAMS 0x0000000703800000, 0x0000000703800000| Untracked 
|  19|0x0000000703900000, 0x0000000703900000, 0x0000000703a00000|  0%| F|  |TAMS 0x0000000703900000, 0x0000000703900000| Untracked 
|  20|0x0000000703a00000, 0x0000000703a00000, 0x0000000703b00000|  0%| F|  |TAMS 0x0000000703a00000, 0x0000000703a00000| Untracked 
|  21|0x0000000703b00000, 0x0000000703b00000, 0x0000000703c00000|  0%| F|  |TAMS 0x0000000703b00000, 0x0000000703b00000| Untracked 
|  22|0x0000000703c00000, 0x0000000703c00000, 0x0000000703d00000|  0%| F|  |TAMS 0x0000000703c00000, 0x0000000703c00000| Untracked 
|  23|0x0000000703d00000, 0x0000000703d00000, 0x0000000703e00000|  0%| F|  |TAMS 0x0000000703d00000, 0x0000000703d00000| Untracked 
|  24|0x0000000703e00000, 0x0000000703e00000, 0x0000000703f00000|  0%| F|  |TAMS 0x0000000703e00000, 0x0000000703e00000| Untracked 
|  25|0x0000000703f00000, 0x0000000703f00000, 0x0000000704000000|  0%| F|  |TAMS 0x0000000703f00000, 0x0000000703f00000| Untracked 
|  26|0x0000000704000000, 0x0000000704000000, 0x0000000704100000|  0%| F|  |TAMS 0x0000000704000000, 0x0000000704000000| Untracked 
|  27|0x0000000704100000, 0x0000000704100000, 0x0000000704200000|  0%| F|  |TAMS 0x0000000704100000, 0x0000000704100000| Untracked 
|  28|0x0000000704200000, 0x0000000704200000, 0x0000000704300000|  0%| F|  |TAMS 0x0000000704200000, 0x0000000704200000| Untracked 
|  29|0x0000000704300000, 0x0000000704300000, 0x0000000704400000|  0%| F|  |TAMS 0x0000000704300000, 0x0000000704300000| Untracked 
|  30|0x0000000704400000, 0x0000000704400000, 0x0000000704500000|  0%| F|  |TAMS 0x0000000704400000, 0x0000000704400000| Untracked 
|  31|0x0000000704500000, 0x0000000704500000, 0x0000000704600000|  0%| F|  |TAMS 0x0000000704500000, 0x0000000704500000| Untracked 
|  32|0x0000000704600000, 0x0000000704600000, 0x0000000704700000|  0%| F|  |TAMS 0x0000000704600000, 0x0000000704600000| Untracked 
|  33|0x0000000704700000, 0x0000000704700000, 0x0000000704800000|  0%| F|  |TAMS 0x0000000704700000, 0x0000000704700000| Untracked 
|  34|0x0000000704800000, 0x0000000704800000, 0x0000000704900000|  0%| F|  |TAMS 0x0000000704800000, 0x0000000704800000| Untracked 
|  35|0x0000000704900000, 0x0000000704900000, 0x0000000704a00000|  0%| F|  |TAMS 0x0000000704900000, 0x0000000704900000| Untracked 
|  36|0x0000000704a00000, 0x0000000704a00000, 0x0000000704b00000|  0%| F|  |TAMS 0x0000000704a00000, 0x0000000704a00000| Untracked 
|  37|0x0000000704b00000, 0x0000000704b00000, 0x0000000704c00000|  0%| F|  |TAMS 0x0000000704b00000, 0x0000000704b00000| Untracked 
|  38|0x0000000704c00000, 0x0000000704c00000, 0x0000000704d00000|  0%| F|  |TAMS 0x0000000704c00000, 0x0000000704c00000| Untracked 
|  39|0x0000000704d00000, 0x0000000704d00000, 0x0000000704e00000|  0%| F|  |TAMS 0x0000000704d00000, 0x0000000704d00000| Untracked 
|  40|0x0000000704e00000, 0x0000000704e00000, 0x0000000704f00000|  0%| F|  |TAMS 0x0000000704e00000, 0x0000000704e00000| Untracked 
|  41|0x0000000704f00000, 0x0000000704f00000, 0x0000000705000000|  0%| F|  |TAMS 0x0000000704f00000, 0x0000000704f00000| Untracked 
|  42|0x0000000705000000, 0x0000000705000000, 0x0000000705100000|  0%| F|  |TAMS 0x0000000705000000, 0x0000000705000000| Untracked 
|  43|0x0000000705100000, 0x0000000705100000, 0x0000000705200000|  0%| F|  |TAMS 0x0000000705100000, 0x0000000705100000| Untracked 
|  44|0x0000000705200000, 0x0000000705200000, 0x0000000705300000|  0%| F|  |TAMS 0x0000000705200000, 0x0000000705200000| Untracked 
|  45|0x0000000705300000, 0x0000000705300000, 0x0000000705400000|  0%| F|  |TAMS 0x0000000705300000, 0x0000000705300000| Untracked 
|  46|0x0000000705400000, 0x0000000705400000, 0x0000000705500000|  0%| F|  |TAMS 0x0000000705400000, 0x0000000705400000| Untracked 
|  47|0x0000000705500000, 0x0000000705500000, 0x0000000705600000|  0%| F|  |TAMS 0x0000000705500000, 0x0000000705500000| Untracked 
|  48|0x0000000705600000, 0x0000000705600000, 0x0000000705700000|  0%| F|  |TAMS 0x0000000705600000, 0x0000000705600000| Untracked 
|  49|0x0000000705700000, 0x0000000705700000, 0x0000000705800000|  0%| F|  |TAMS 0x0000000705700000, 0x0000000705700000| Untracked 
|  50|0x0000000705800000, 0x0000000705800000, 0x0000000705900000|  0%| F|  |TAMS 0x0000000705800000, 0x0000000705800000| Untracked 
|  51|0x0000000705900000, 0x0000000705900000, 0x0000000705a00000|  0%| F|  |TAMS 0x0000000705900000, 0x0000000705900000| Untracked 
|  52|0x0000000705a00000, 0x0000000705a00000, 0x0000000705b00000|  0%| F|  |TAMS 0x0000000705a00000, 0x0000000705a00000| Untracked 
|  53|0x0000000705b00000, 0x0000000705b00000, 0x0000000705c00000|  0%| F|  |TAMS 0x0000000705b00000, 0x0000000705b00000| Untracked 
|  54|0x0000000705c00000, 0x0000000705c00000, 0x0000000705d00000|  0%| F|  |TAMS 0x0000000705c00000, 0x0000000705c00000| Untracked 
|  55|0x0000000705d00000, 0x0000000705d00000, 0x0000000705e00000|  0%| F|  |TAMS 0x0000000705d00000, 0x0000000705d00000| Untracked 
|  56|0x0000000705e00000, 0x0000000705e00000, 0x0000000705f00000|  0%| F|  |TAMS 0x0000000705e00000, 0x0000000705e00000| Untracked 
|  57|0x0000000705f00000, 0x0000000705f00000, 0x0000000706000000|  0%| F|  |TAMS 0x0000000705f00000, 0x0000000705f00000| Untracked 
|  58|0x0000000706000000, 0x0000000706000000, 0x0000000706100000|  0%| F|  |TAMS 0x0000000706000000, 0x0000000706000000| Untracked 
|  59|0x0000000706100000, 0x0000000706100000, 0x0000000706200000|  0%| F|  |TAMS 0x0000000706100000, 0x0000000706100000| Untracked 
|  60|0x0000000706200000, 0x0000000706200000, 0x0000000706300000|  0%| F|  |TAMS 0x0000000706200000, 0x0000000706200000| Untracked 
|  61|0x0000000706300000, 0x0000000706300000, 0x0000000706400000|  0%| F|  |TAMS 0x0000000706300000, 0x0000000706300000| Untracked 
|  62|0x0000000706400000, 0x0000000706400000, 0x0000000706500000|  0%| F|  |TAMS 0x0000000706400000, 0x0000000706400000| Untracked 
|  63|0x0000000706500000, 0x0000000706500000, 0x0000000706600000|  0%| F|  |TAMS 0x0000000706500000, 0x0000000706500000| Untracked 
|  64|0x0000000706600000, 0x0000000706600000, 0x0000000706700000|  0%| F|  |TAMS 0x0000000706600000, 0x0000000706600000| Untracked 
|  65|0x0000000706700000, 0x0000000706700000, 0x0000000706800000|  0%| F|  |TAMS 0x0000000706700000, 0x0000000706700000| Untracked 
|  66|0x0000000706800000, 0x0000000706800000, 0x0000000706900000|  0%| F|  |TAMS 0x0000000706800000, 0x0000000706800000| Untracked 
|  67|0x0000000706900000, 0x0000000706900000, 0x0000000706a00000|  0%| F|  |TAMS 0x0000000706900000, 0x0000000706900000| Untracked 
|  68|0x0000000706a00000, 0x0000000706a00000, 0x0000000706b00000|  0%| F|  |TAMS 0x0000000706a00000, 0x0000000706a00000| Untracked 
|  69|0x0000000706b00000, 0x0000000706b00000, 0x0000000706c00000|  0%| F|  |TAMS 0x0000000706b00000, 0x0000000706b00000| Untracked 
|  70|0x0000000706c00000, 0x0000000706c00000, 0x0000000706d00000|  0%| F|  |TAMS 0x0000000706c00000, 0x0000000706c00000| Untracked 
|  71|0x0000000706d00000, 0x0000000706d00000, 0x0000000706e00000|  0%| F|  |TAMS 0x0000000706d00000, 0x0000000706d00000| Untracked 
|  72|0x0000000706e00000, 0x0000000706e00000, 0x0000000706f00000|  0%| F|  |TAMS 0x0000000706e00000, 0x0000000706e00000| Untracked 
|  73|0x0000000706f00000, 0x0000000706f00000, 0x0000000707000000|  0%| F|  |TAMS 0x0000000706f00000, 0x0000000706f00000| Untracked 
|  74|0x0000000707000000, 0x0000000707000000, 0x0000000707100000|  0%| F|  |TAMS 0x0000000707000000, 0x0000000707000000| Untracked 
|  75|0x0000000707100000, 0x0000000707100000, 0x0000000707200000|  0%| F|  |TAMS 0x0000000707100000, 0x0000000707100000| Untracked 
|  76|0x0000000707200000, 0x0000000707200000, 0x0000000707300000|  0%| F|  |TAMS 0x0000000707200000, 0x0000000707200000| Untracked 
|  77|0x0000000707300000, 0x0000000707300000, 0x0000000707400000|  0%| F|  |TAMS 0x0000000707300000, 0x0000000707300000| Untracked 
|  78|0x0000000707400000, 0x0000000707400000, 0x0000000707500000|  0%| F|  |TAMS 0x0000000707400000, 0x0000000707400000| Untracked 
|  79|0x0000000707500000, 0x0000000707500000, 0x0000000707600000|  0%| F|  |TAMS 0x0000000707500000, 0x0000000707500000| Untracked 
|  80|0x0000000707600000, 0x0000000707600000, 0x0000000707700000|  0%| F|  |TAMS 0x0000000707600000, 0x0000000707600000| Untracked 
|  81|0x0000000707700000, 0x0000000707700000, 0x0000000707800000|  0%| F|  |TAMS 0x0000000707700000, 0x0000000707700000| Untracked 
|  82|0x0000000707800000, 0x0000000707800000, 0x0000000707900000|  0%| F|  |TAMS 0x0000000707800000, 0x0000000707800000| Untracked 
|  83|0x0000000707900000, 0x0000000707900000, 0x0000000707a00000|  0%| F|  |TAMS 0x0000000707900000, 0x0000000707900000| Untracked 
|  84|0x0000000707a00000, 0x0000000707a00000, 0x0000000707b00000|  0%| F|  |TAMS 0x0000000707a00000, 0x0000000707a00000| Untracked 
|  85|0x0000000707b00000, 0x0000000707b00000, 0x0000000707c00000|  0%| F|  |TAMS 0x0000000707b00000, 0x0000000707b00000| Untracked 
|  86|0x0000000707c00000, 0x0000000707c00000, 0x0000000707d00000|  0%| F|  |TAMS 0x0000000707c00000, 0x0000000707c00000| Untracked 
|  87|0x0000000707d00000, 0x0000000707d00000, 0x0000000707e00000|  0%| F|  |TAMS 0x0000000707d00000, 0x0000000707d00000| Untracked 
|  88|0x0000000707e00000, 0x0000000707e00000, 0x0000000707f00000|  0%| F|  |TAMS 0x0000000707e00000, 0x0000000707e00000| Untracked 
|  89|0x0000000707f00000, 0x0000000707f00000, 0x0000000708000000|  0%| F|  |TAMS 0x0000000707f00000, 0x0000000707f00000| Untracked 
|  90|0x0000000708000000, 0x0000000708000000, 0x0000000708100000|  0%| F|  |TAMS 0x0000000708000000, 0x0000000708000000| Untracked 
|  91|0x0000000708100000, 0x0000000708100000, 0x0000000708200000|  0%| F|  |TAMS 0x0000000708100000, 0x0000000708100000| Untracked 
|  92|0x0000000708200000, 0x0000000708200000, 0x0000000708300000|  0%| F|  |TAMS 0x0000000708200000, 0x0000000708200000| Untracked 
|  93|0x0000000708300000, 0x0000000708300000, 0x0000000708400000|  0%| F|  |TAMS 0x0000000708300000, 0x0000000708300000| Untracked 
|  94|0x0000000708400000, 0x0000000708400000, 0x0000000708500000|  0%| F|  |TAMS 0x0000000708400000, 0x0000000708400000| Untracked 
|  95|0x0000000708500000, 0x0000000708500000, 0x0000000708600000|  0%| F|  |TAMS 0x0000000708500000, 0x0000000708500000| Untracked 
|  96|0x0000000708600000, 0x0000000708600000, 0x0000000708700000|  0%| F|  |TAMS 0x0000000708600000, 0x0000000708600000| Untracked 
|  97|0x0000000708700000, 0x0000000708700000, 0x0000000708800000|  0%| F|  |TAMS 0x0000000708700000, 0x0000000708700000| Untracked 
|  98|0x0000000708800000, 0x0000000708800000, 0x0000000708900000|  0%| F|  |TAMS 0x0000000708800000, 0x0000000708800000| Untracked 
|  99|0x0000000708900000, 0x0000000708900000, 0x0000000708a00000|  0%| F|  |TAMS 0x0000000708900000, 0x0000000708900000| Untracked 
| 100|0x0000000708a00000, 0x0000000708a00000, 0x0000000708b00000|  0%| F|  |TAMS 0x0000000708a00000, 0x0000000708a00000| Untracked 
| 101|0x0000000708b00000, 0x0000000708b00000, 0x0000000708c00000|  0%| F|  |TAMS 0x0000000708b00000, 0x0000000708b00000| Untracked 
| 102|0x0000000708c00000, 0x0000000708c00000, 0x0000000708d00000|  0%| F|  |TAMS 0x0000000708c00000, 0x0000000708c00000| Untracked 
| 103|0x0000000708d00000, 0x0000000708d00000, 0x0000000708e00000|  0%| F|  |TAMS 0x0000000708d00000, 0x0000000708d00000| Untracked 
| 104|0x0000000708e00000, 0x0000000708e00000, 0x0000000708f00000|  0%| F|  |TAMS 0x0000000708e00000, 0x0000000708e00000| Untracked 
| 105|0x0000000708f00000, 0x0000000708f00000, 0x0000000709000000|  0%| F|  |TAMS 0x0000000708f00000, 0x0000000708f00000| Untracked 
| 106|0x0000000709000000, 0x0000000709000000, 0x0000000709100000|  0%| F|  |TAMS 0x0000000709000000, 0x0000000709000000| Untracked 
| 107|0x0000000709100000, 0x0000000709100000, 0x0000000709200000|  0%| F|  |TAMS 0x0000000709100000, 0x0000000709100000| Untracked 
| 108|0x0000000709200000, 0x0000000709200000, 0x0000000709300000|  0%| F|  |TAMS 0x0000000709200000, 0x0000000709200000| Untracked 
| 109|0x0000000709300000, 0x0000000709300000, 0x0000000709400000|  0%| F|  |TAMS 0x0000000709300000, 0x0000000709300000| Untracked 
| 110|0x0000000709400000, 0x0000000709400000, 0x0000000709500000|  0%| F|  |TAMS 0x0000000709400000, 0x0000000709400000| Untracked 
| 111|0x0000000709500000, 0x0000000709500000, 0x0000000709600000|  0%| F|  |TAMS 0x0000000709500000, 0x0000000709500000| Untracked 
| 112|0x0000000709600000, 0x0000000709600000, 0x0000000709700000|  0%| F|  |TAMS 0x0000000709600000, 0x0000000709600000| Untracked 
| 113|0x0000000709700000, 0x0000000709700000, 0x0000000709800000|  0%| F|  |TAMS 0x0000000709700000, 0x0000000709700000| Untracked 
| 114|0x0000000709800000, 0x0000000709800000, 0x0000000709900000|  0%| F|  |TAMS 0x0000000709800000, 0x0000000709800000| Untracked 
| 115|0x0000000709900000, 0x0000000709900000, 0x0000000709a00000|  0%| F|  |TAMS 0x0000000709900000, 0x0000000709900000| Untracked 
| 116|0x0000000709a00000, 0x0000000709a00000, 0x0000000709b00000|  0%| F|  |TAMS 0x0000000709a00000, 0x0000000709a00000| Untracked 
| 117|0x0000000709b00000, 0x0000000709b00000, 0x0000000709c00000|  0%| F|  |TAMS 0x0000000709b00000, 0x0000000709b00000| Untracked 
| 118|0x0000000709c00000, 0x0000000709c00000, 0x0000000709d00000|  0%| F|  |TAMS 0x0000000709c00000, 0x0000000709c00000| Untracked 
| 119|0x0000000709d00000, 0x0000000709d00000, 0x0000000709e00000|  0%| F|  |TAMS 0x0000000709d00000, 0x0000000709d00000| Untracked 
| 120|0x0000000709e00000, 0x0000000709e00000, 0x0000000709f00000|  0%| F|  |TAMS 0x0000000709e00000, 0x0000000709e00000| Untracked 
| 121|0x0000000709f00000, 0x0000000709f00000, 0x000000070a000000|  0%| F|  |TAMS 0x0000000709f00000, 0x0000000709f00000| Untracked 
| 122|0x000000070a000000, 0x000000070a000000, 0x000000070a100000|  0%| F|  |TAMS 0x000000070a000000, 0x000000070a000000| Untracked 
| 123|0x000000070a100000, 0x000000070a100000, 0x000000070a200000|  0%| F|  |TAMS 0x000000070a100000, 0x000000070a100000| Untracked 
| 124|0x000000070a200000, 0x000000070a200000, 0x000000070a300000|  0%| F|  |TAMS 0x000000070a200000, 0x000000070a200000| Untracked 
| 125|0x000000070a300000, 0x000000070a300000, 0x000000070a400000|  0%| F|  |TAMS 0x000000070a300000, 0x000000070a300000| Untracked 
| 126|0x000000070a400000, 0x000000070a400000, 0x000000070a500000|  0%| F|  |TAMS 0x000000070a400000, 0x000000070a400000| Untracked 
| 127|0x000000070a500000, 0x000000070a500000, 0x000000070a600000|  0%| F|  |TAMS 0x000000070a500000, 0x000000070a500000| Untracked 
| 128|0x000000070a600000, 0x000000070a600000, 0x000000070a700000|  0%| F|  |TAMS 0x000000070a600000, 0x000000070a600000| Untracked 
| 129|0x000000070a700000, 0x000000070a700000, 0x000000070a800000|  0%| F|  |TAMS 0x000000070a700000, 0x000000070a700000| Untracked 
| 130|0x000000070a800000, 0x000000070a800000, 0x000000070a900000|  0%| F|  |TAMS 0x000000070a800000, 0x000000070a800000| Untracked 
| 131|0x000000070a900000, 0x000000070a900000, 0x000000070aa00000|  0%| F|  |TAMS 0x000000070a900000, 0x000000070a900000| Untracked 
| 132|0x000000070aa00000, 0x000000070aa00000, 0x000000070ab00000|  0%| F|  |TAMS 0x000000070aa00000, 0x000000070aa00000| Untracked 
| 133|0x000000070ab00000, 0x000000070ab00000, 0x000000070ac00000|  0%| F|  |TAMS 0x000000070ab00000, 0x000000070ab00000| Untracked 
| 134|0x000000070ac00000, 0x000000070ac00000, 0x000000070ad00000|  0%| F|  |TAMS 0x000000070ac00000, 0x000000070ac00000| Untracked 
| 135|0x000000070ad00000, 0x000000070ad00000, 0x000000070ae00000|  0%| F|  |TAMS 0x000000070ad00000, 0x000000070ad00000| Untracked 
| 136|0x000000070ae00000, 0x000000070ae00000, 0x000000070af00000|  0%| F|  |TAMS 0x000000070ae00000, 0x000000070ae00000| Untracked 
| 137|0x000000070af00000, 0x000000070af00000, 0x000000070b000000|  0%| F|  |TAMS 0x000000070af00000, 0x000000070af00000| Untracked 
| 138|0x000000070b000000, 0x000000070b000000, 0x000000070b100000|  0%| F|  |TAMS 0x000000070b000000, 0x000000070b000000| Untracked 
| 139|0x000000070b100000, 0x000000070b100000, 0x000000070b200000|  0%| F|  |TAMS 0x000000070b100000, 0x000000070b100000| Untracked 
| 140|0x000000070b200000, 0x000000070b200000, 0x000000070b300000|  0%| F|  |TAMS 0x000000070b200000, 0x000000070b200000| Untracked 
| 141|0x000000070b300000, 0x000000070b300000, 0x000000070b400000|  0%| F|  |TAMS 0x000000070b300000, 0x000000070b300000| Untracked 
| 142|0x000000070b400000, 0x000000070b400000, 0x000000070b500000|  0%| F|  |TAMS 0x000000070b400000, 0x000000070b400000| Untracked 
| 143|0x000000070b500000, 0x000000070b500000, 0x000000070b600000|  0%| F|  |TAMS 0x000000070b500000, 0x000000070b500000| Untracked 
| 144|0x000000070b600000, 0x000000070b600000, 0x000000070b700000|  0%| F|  |TAMS 0x000000070b600000, 0x000000070b600000| Untracked 
| 145|0x000000070b700000, 0x000000070b700000, 0x000000070b800000|  0%| F|  |TAMS 0x000000070b700000, 0x000000070b700000| Untracked 
| 146|0x000000070b800000, 0x000000070b800000, 0x000000070b900000|  0%| F|  |TAMS 0x000000070b800000, 0x000000070b800000| Untracked 
| 147|0x000000070b900000, 0x000000070b900000, 0x000000070ba00000|  0%| F|  |TAMS 0x000000070b900000, 0x000000070b900000| Untracked 
| 148|0x000000070ba00000, 0x000000070ba00000, 0x000000070bb00000|  0%| F|  |TAMS 0x000000070ba00000, 0x000000070ba00000| Untracked 
| 149|0x000000070bb00000, 0x000000070bb00000, 0x000000070bc00000|  0%| F|  |TAMS 0x000000070bb00000, 0x000000070bb00000| Untracked 
| 150|0x000000070bc00000, 0x000000070bc00000, 0x000000070bd00000|  0%| F|  |TAMS 0x000000070bc00000, 0x000000070bc00000| Untracked 
| 151|0x000000070bd00000, 0x000000070bd00000, 0x000000070be00000|  0%| F|  |TAMS 0x000000070bd00000, 0x000000070bd00000| Untracked 
| 152|0x000000070be00000, 0x000000070be00000, 0x000000070bf00000|  0%| F|  |TAMS 0x000000070be00000, 0x000000070be00000| Untracked 
| 153|0x000000070bf00000, 0x000000070bf00000, 0x000000070c000000|  0%| F|  |TAMS 0x000000070bf00000, 0x000000070bf00000| Untracked 
| 154|0x000000070c000000, 0x000000070c000000, 0x000000070c100000|  0%| F|  |TAMS 0x000000070c000000, 0x000000070c000000| Untracked 
| 155|0x000000070c100000, 0x000000070c100000, 0x000000070c200000|  0%| F|  |TAMS 0x000000070c100000, 0x000000070c100000| Untracked 
| 156|0x000000070c200000, 0x000000070c200000, 0x000000070c300000|  0%| F|  |TAMS 0x000000070c200000, 0x000000070c200000| Untracked 
| 157|0x000000070c300000, 0x000000070c300000, 0x000000070c400000|  0%| F|  |TAMS 0x000000070c300000, 0x000000070c300000| Untracked 
| 158|0x000000070c400000, 0x000000070c400000, 0x000000070c500000|  0%| F|  |TAMS 0x000000070c400000, 0x000000070c400000| Untracked 
| 159|0x000000070c500000, 0x000000070c500000, 0x000000070c600000|  0%| F|  |TAMS 0x000000070c500000, 0x000000070c500000| Untracked 
| 160|0x000000070c600000, 0x000000070c600000, 0x000000070c700000|  0%| F|  |TAMS 0x000000070c600000, 0x000000070c600000| Untracked 
| 161|0x000000070c700000, 0x000000070c700000, 0x000000070c800000|  0%| F|  |TAMS 0x000000070c700000, 0x000000070c700000| Untracked 
| 162|0x000000070c800000, 0x000000070c800000, 0x000000070c900000|  0%| F|  |TAMS 0x000000070c800000, 0x000000070c800000| Untracked 
| 163|0x000000070c900000, 0x000000070c900000, 0x000000070ca00000|  0%| F|  |TAMS 0x000000070c900000, 0x000000070c900000| Untracked 
| 164|0x000000070ca00000, 0x000000070ca00000, 0x000000070cb00000|  0%| F|  |TAMS 0x000000070ca00000, 0x000000070ca00000| Untracked 
| 165|0x000000070cb00000, 0x000000070cb00000, 0x000000070cc00000|  0%| F|  |TAMS 0x000000070cb00000, 0x000000070cb00000| Untracked 
| 166|0x000000070cc00000, 0x000000070cc00000, 0x000000070cd00000|  0%| F|  |TAMS 0x000000070cc00000, 0x000000070cc00000| Untracked 
| 167|0x000000070cd00000, 0x000000070cd00000, 0x000000070ce00000|  0%| F|  |TAMS 0x000000070cd00000, 0x000000070cd00000| Untracked 
| 168|0x000000070ce00000, 0x000000070ce00000, 0x000000070cf00000|  0%| F|  |TAMS 0x000000070ce00000, 0x000000070ce00000| Untracked 
| 169|0x000000070cf00000, 0x000000070cf00000, 0x000000070d000000|  0%| F|  |TAMS 0x000000070cf00000, 0x000000070cf00000| Untracked 
| 170|0x000000070d000000, 0x000000070d000000, 0x000000070d100000|  0%| F|  |TAMS 0x000000070d000000, 0x000000070d000000| Untracked 
| 171|0x000000070d100000, 0x000000070d100000, 0x000000070d200000|  0%| F|  |TAMS 0x000000070d100000, 0x000000070d100000| Untracked 
| 172|0x000000070d200000, 0x000000070d200000, 0x000000070d300000|  0%| F|  |TAMS 0x000000070d200000, 0x000000070d200000| Untracked 
| 173|0x000000070d300000, 0x000000070d300000, 0x000000070d400000|  0%| F|  |TAMS 0x000000070d300000, 0x000000070d300000| Untracked 
| 174|0x000000070d400000, 0x000000070d400000, 0x000000070d500000|  0%| F|  |TAMS 0x000000070d400000, 0x000000070d400000| Untracked 
| 175|0x000000070d500000, 0x000000070d500000, 0x000000070d600000|  0%| F|  |TAMS 0x000000070d500000, 0x000000070d500000| Untracked 
| 176|0x000000070d600000, 0x000000070d600000, 0x000000070d700000|  0%| F|  |TAMS 0x000000070d600000, 0x000000070d600000| Untracked 
| 177|0x000000070d700000, 0x000000070d700000, 0x000000070d800000|  0%| F|  |TAMS 0x000000070d700000, 0x000000070d700000| Untracked 
| 178|0x000000070d800000, 0x000000070d800000, 0x000000070d900000|  0%| F|  |TAMS 0x000000070d800000, 0x000000070d800000| Untracked 
| 179|0x000000070d900000, 0x000000070d900000, 0x000000070da00000|  0%| F|  |TAMS 0x000000070d900000, 0x000000070d900000| Untracked 
| 180|0x000000070da00000, 0x000000070da00000, 0x000000070db00000|  0%| F|  |TAMS 0x000000070da00000, 0x000000070da00000| Untracked 
| 181|0x000000070db00000, 0x000000070db00000, 0x000000070dc00000|  0%| F|  |TAMS 0x000000070db00000, 0x000000070db00000| Untracked 
| 182|0x000000070dc00000, 0x000000070dc00000, 0x000000070dd00000|  0%| F|  |TAMS 0x000000070dc00000, 0x000000070dc00000| Untracked 
| 183|0x000000070dd00000, 0x000000070dd00000, 0x000000070de00000|  0%| F|  |TAMS 0x000000070dd00000, 0x000000070dd00000| Untracked 
| 184|0x000000070de00000, 0x000000070de00000, 0x000000070df00000|  0%| F|  |TAMS 0x000000070de00000, 0x000000070de00000| Untracked 
| 185|0x000000070df00000, 0x000000070df00000, 0x000000070e000000|  0%| F|  |TAMS 0x000000070df00000, 0x000000070df00000| Untracked 
| 186|0x000000070e000000, 0x000000070e000000, 0x000000070e100000|  0%| F|  |TAMS 0x000000070e000000, 0x000000070e000000| Untracked 
| 187|0x000000070e100000, 0x000000070e100000, 0x000000070e200000|  0%| F|  |TAMS 0x000000070e100000, 0x000000070e100000| Untracked 
| 188|0x000000070e200000, 0x000000070e200000, 0x000000070e300000|  0%| F|  |TAMS 0x000000070e200000, 0x000000070e200000| Untracked 
| 189|0x000000070e300000, 0x000000070e300000, 0x000000070e400000|  0%| F|  |TAMS 0x000000070e300000, 0x000000070e300000| Untracked 
| 190|0x000000070e400000, 0x000000070e400000, 0x000000070e500000|  0%| F|  |TAMS 0x000000070e400000, 0x000000070e400000| Untracked 
| 191|0x000000070e500000, 0x000000070e500000, 0x000000070e600000|  0%| F|  |TAMS 0x000000070e500000, 0x000000070e500000| Untracked 
| 192|0x000000070e600000, 0x000000070e600000, 0x000000070e700000|  0%| F|  |TAMS 0x000000070e600000, 0x000000070e600000| Untracked 
| 193|0x000000070e700000, 0x000000070e700000, 0x000000070e800000|  0%| F|  |TAMS 0x000000070e700000, 0x000000070e700000| Untracked 
| 194|0x000000070e800000, 0x000000070e800000, 0x000000070e900000|  0%| F|  |TAMS 0x000000070e800000, 0x000000070e800000| Untracked 
| 195|0x000000070e900000, 0x000000070e900000, 0x000000070ea00000|  0%| F|  |TAMS 0x000000070e900000, 0x000000070e900000| Untracked 
| 196|0x000000070ea00000, 0x000000070ea00000, 0x000000070eb00000|  0%| F|  |TAMS 0x000000070ea00000, 0x000000070ea00000| Untracked 
| 197|0x000000070eb00000, 0x000000070eb00000, 0x000000070ec00000|  0%| F|  |TAMS 0x000000070eb00000, 0x000000070eb00000| Untracked 
| 198|0x000000070ec00000, 0x000000070ec00000, 0x000000070ed00000|  0%| F|  |TAMS 0x000000070ec00000, 0x000000070ec00000| Untracked 
| 199|0x000000070ed00000, 0x000000070ed00000, 0x000000070ee00000|  0%| F|  |TAMS 0x000000070ed00000, 0x000000070ed00000| Untracked 
| 200|0x000000070ee00000, 0x000000070ee00000, 0x000000070ef00000|  0%| F|  |TAMS 0x000000070ee00000, 0x000000070ee00000| Untracked 
| 201|0x000000070ef00000, 0x000000070ef00000, 0x000000070f000000|  0%| F|  |TAMS 0x000000070ef00000, 0x000000070ef00000| Untracked 
| 202|0x000000070f000000, 0x000000070f000000, 0x000000070f100000|  0%| F|  |TAMS 0x000000070f000000, 0x000000070f000000| Untracked 
| 203|0x000000070f100000, 0x000000070f100000, 0x000000070f200000|  0%| F|  |TAMS 0x000000070f100000, 0x000000070f100000| Untracked 
| 204|0x000000070f200000, 0x000000070f200000, 0x000000070f300000|  0%| F|  |TAMS 0x000000070f200000, 0x000000070f200000| Untracked 
| 205|0x000000070f300000, 0x000000070f300000, 0x000000070f400000|  0%| F|  |TAMS 0x000000070f300000, 0x000000070f300000| Untracked 
| 206|0x000000070f400000, 0x000000070f400000, 0x000000070f500000|  0%| F|  |TAMS 0x000000070f400000, 0x000000070f400000| Untracked 
| 207|0x000000070f500000, 0x000000070f500000, 0x000000070f600000|  0%| F|  |TAMS 0x000000070f500000, 0x000000070f500000| Untracked 
| 208|0x000000070f600000, 0x000000070f600000, 0x000000070f700000|  0%| F|  |TAMS 0x000000070f600000, 0x000000070f600000| Untracked 
| 209|0x000000070f700000, 0x000000070f700000, 0x000000070f800000|  0%| F|  |TAMS 0x000000070f700000, 0x000000070f700000| Untracked 
| 210|0x000000070f800000, 0x000000070f800000, 0x000000070f900000|  0%| F|  |TAMS 0x000000070f800000, 0x000000070f800000| Untracked 
| 211|0x000000070f900000, 0x000000070f900000, 0x000000070fa00000|  0%| F|  |TAMS 0x000000070f900000, 0x000000070f900000| Untracked 
| 212|0x000000070fa00000, 0x000000070fa00000, 0x000000070fb00000|  0%| F|  |TAMS 0x000000070fa00000, 0x000000070fa00000| Untracked 
| 213|0x000000070fb00000, 0x000000070fb00000, 0x000000070fc00000|  0%| F|  |TAMS 0x000000070fb00000, 0x000000070fb00000| Untracked 
| 214|0x000000070fc00000, 0x000000070fc00000, 0x000000070fd00000|  0%| F|  |TAMS 0x000000070fc00000, 0x000000070fc00000| Untracked 
| 215|0x000000070fd00000, 0x000000070fd00000, 0x000000070fe00000|  0%| F|  |TAMS 0x000000070fd00000, 0x000000070fd00000| Untracked 
| 216|0x000000070fe00000, 0x000000070fe00000, 0x000000070ff00000|  0%| F|  |TAMS 0x000000070fe00000, 0x000000070fe00000| Untracked 
| 217|0x000000070ff00000, 0x000000070ff00000, 0x0000000710000000|  0%| F|  |TAMS 0x000000070ff00000, 0x000000070ff00000| Untracked 
| 218|0x0000000710000000, 0x0000000710000000, 0x0000000710100000|  0%| F|  |TAMS 0x0000000710000000, 0x0000000710000000| Untracked 
| 219|0x0000000710100000, 0x0000000710100000, 0x0000000710200000|  0%| F|  |TAMS 0x0000000710100000, 0x0000000710100000| Untracked 
| 220|0x0000000710200000, 0x0000000710200000, 0x0000000710300000|  0%| F|  |TAMS 0x0000000710200000, 0x0000000710200000| Untracked 
| 221|0x0000000710300000, 0x0000000710300000, 0x0000000710400000|  0%| F|  |TAMS 0x0000000710300000, 0x0000000710300000| Untracked 
| 222|0x0000000710400000, 0x0000000710400000, 0x0000000710500000|  0%| F|  |TAMS 0x0000000710400000, 0x0000000710400000| Untracked 
| 223|0x0000000710500000, 0x0000000710500000, 0x0000000710600000|  0%| F|  |TAMS 0x0000000710500000, 0x0000000710500000| Untracked 
| 224|0x0000000710600000, 0x0000000710600000, 0x0000000710700000|  0%| F|  |TAMS 0x0000000710600000, 0x0000000710600000| Untracked 
| 225|0x0000000710700000, 0x0000000710700000, 0x0000000710800000|  0%| F|  |TAMS 0x0000000710700000, 0x0000000710700000| Untracked 
| 226|0x0000000710800000, 0x0000000710800000, 0x0000000710900000|  0%| F|  |TAMS 0x0000000710800000, 0x0000000710800000| Untracked 
| 227|0x0000000710900000, 0x0000000710900000, 0x0000000710a00000|  0%| F|  |TAMS 0x0000000710900000, 0x0000000710900000| Untracked 
| 228|0x0000000710a00000, 0x0000000710a00000, 0x0000000710b00000|  0%| F|  |TAMS 0x0000000710a00000, 0x0000000710a00000| Untracked 
| 229|0x0000000710b00000, 0x0000000710b00000, 0x0000000710c00000|  0%| F|  |TAMS 0x0000000710b00000, 0x0000000710b00000| Untracked 
| 230|0x0000000710c00000, 0x0000000710c00000, 0x0000000710d00000|  0%| F|  |TAMS 0x0000000710c00000, 0x0000000710c00000| Untracked 
| 231|0x0000000710d00000, 0x0000000710d00000, 0x0000000710e00000|  0%| F|  |TAMS 0x0000000710d00000, 0x0000000710d00000| Untracked 
| 232|0x0000000710e00000, 0x0000000710e00000, 0x0000000710f00000|  0%| F|  |TAMS 0x0000000710e00000, 0x0000000710e00000| Untracked 
| 233|0x0000000710f00000, 0x0000000710f00000, 0x0000000711000000|  0%| F|  |TAMS 0x0000000710f00000, 0x0000000710f00000| Untracked 
| 234|0x0000000711000000, 0x0000000711000000, 0x0000000711100000|  0%| F|  |TAMS 0x0000000711000000, 0x0000000711000000| Untracked 
| 235|0x0000000711100000, 0x0000000711100000, 0x0000000711200000|  0%| F|  |TAMS 0x0000000711100000, 0x0000000711100000| Untracked 
| 236|0x0000000711200000, 0x0000000711200000, 0x0000000711300000|  0%| F|  |TAMS 0x0000000711200000, 0x0000000711200000| Untracked 
| 237|0x0000000711300000, 0x0000000711300000, 0x0000000711400000|  0%| F|  |TAMS 0x0000000711300000, 0x0000000711300000| Untracked 
| 238|0x0000000711400000, 0x0000000711400000, 0x0000000711500000|  0%| F|  |TAMS 0x0000000711400000, 0x0000000711400000| Untracked 
| 239|0x0000000711500000, 0x0000000711500000, 0x0000000711600000|  0%| F|  |TAMS 0x0000000711500000, 0x0000000711500000| Untracked 
| 240|0x0000000711600000, 0x0000000711600000, 0x0000000711700000|  0%| F|  |TAMS 0x0000000711600000, 0x0000000711600000| Untracked 
| 241|0x0000000711700000, 0x0000000711700000, 0x0000000711800000|  0%| F|  |TAMS 0x0000000711700000, 0x0000000711700000| Untracked 
| 242|0x0000000711800000, 0x0000000711800000, 0x0000000711900000|  0%| F|  |TAMS 0x0000000711800000, 0x0000000711800000| Untracked 
| 243|0x0000000711900000, 0x0000000711900000, 0x0000000711a00000|  0%| F|  |TAMS 0x0000000711900000, 0x0000000711900000| Untracked 
| 244|0x0000000711a00000, 0x0000000711a00000, 0x0000000711b00000|  0%| F|  |TAMS 0x0000000711a00000, 0x0000000711a00000| Untracked 
| 245|0x0000000711b00000, 0x0000000711b00000, 0x0000000711c00000|  0%| F|  |TAMS 0x0000000711b00000, 0x0000000711b00000| Untracked 
| 246|0x0000000711c00000, 0x0000000711c00000, 0x0000000711d00000|  0%| F|  |TAMS 0x0000000711c00000, 0x0000000711c00000| Untracked 
| 247|0x0000000711d00000, 0x0000000711d00000, 0x0000000711e00000|  0%| F|  |TAMS 0x0000000711d00000, 0x0000000711d00000| Untracked 
| 248|0x0000000711e00000, 0x0000000711e00000, 0x0000000711f00000|  0%| F|  |TAMS 0x0000000711e00000, 0x0000000711e00000| Untracked 
| 249|0x0000000711f00000, 0x0000000711f00000, 0x0000000712000000|  0%| F|  |TAMS 0x0000000711f00000, 0x0000000711f00000| Untracked 
| 250|0x0000000712000000, 0x000000071207b648, 0x0000000712100000| 48%| E|  |TAMS 0x0000000712000000, 0x0000000712000000| Complete 
| 251|0x0000000712100000, 0x0000000712200000, 0x0000000712200000|100%| E|CS|TAMS 0x0000000712100000, 0x0000000712100000| Complete 
| 252|0x0000000712200000, 0x0000000712300000, 0x0000000712300000|100%| E|CS|TAMS 0x0000000712200000, 0x0000000712200000| Complete 
| 253|0x0000000712300000, 0x0000000712400000, 0x0000000712400000|100%| E|CS|TAMS 0x0000000712300000, 0x0000000712300000| Complete 

Card table byte_map: [0x000001ecf18a0000,0x000001ecf2090000] _byte_map_base: 0x000001ecee08d000

Marking Bits (Prev, Next): (CMBitMap*) 0x000001ecd8eca148, (CMBitMap*) 0x000001ecd8eca180
 Prev Bits: [0x000001ecf2880000, 0x000001ecf67e8000)
 Next Bits: [0x000001ecf67f0000, 0x000001ecfa758000)

Polling page: 0x000001ecd6b00000

Metaspace:

Usage:
  Non-class:      6.06 MB capacity,     5.98 MB ( 99%) used,    73.94 KB (  1%) free+waste,     4.50 KB ( <1%) overhead. 
      Class:    643.00 KB capacity,   579.68 KB ( 90%) used,    61.13 KB ( 10%) free+waste,     2.19 KB ( <1%) overhead. 
       Both:      6.69 MB capacity,     6.55 MB ( 98%) used,   135.07 KB (  2%) free+waste,     6.69 KB ( <1%) overhead. 

Virtual space:
  Non-class space:        8.00 MB reserved,       6.25 MB ( 78%) committed 
      Class space:        1.00 GB reserved,     768.00 KB ( <1%) committed 
             Both:        1.01 GB reserved,       7.00 MB ( <1%) committed 

Chunk freelists:
   Non-Class:  1.00 KB
       Class:  29.00 KB
        Both:  30.00 KB

MaxMetaspaceSize: 17179869184.00 GB
CompressedClassSpaceSize: 1.00 GB
Initial GC threshold: 20.80 MB
Current GC threshold: 20.80 MB
CDS: off

CodeHeap 'non-profiled nmethods': size=119168Kb used=103Kb max_used=103Kb free=119064Kb
 bounds [0x000001ece9190000, 0x000001ece9400000, 0x000001ecf05f0000]
CodeHeap 'profiled nmethods': size=119168Kb used=451Kb max_used=451Kb free=118716Kb
 bounds [0x000001ece1d30000, 0x000001ece1fa0000, 0x000001ece9190000]
CodeHeap 'non-nmethods': size=7424Kb used=2224Kb max_used=2237Kb free=5199Kb
 bounds [0x000001ece15f0000, 0x000001ece1860000, 0x000001ece1d30000]
 total_blobs=694 nmethods=351 adapters=254
 compilation: enabled
              stopped_count=0, restarted_count=0
 full_count=0

Compilation events (20 events):
Event: 0.243 Thread 0x000001ecfe652000 nmethod 335 0x000001ece1d99e10 code [0x000001ece1d9a1e0, 0x000001ece1d9c0a8]
Event: 0.243 Thread 0x000001ecfe4a0800 nmethod 341 0x000001ece1d9cd10 code [0x000001ece1d9cf40, 0x000001ece1d9d6a8]
Event: 0.244 Thread 0x000001ecfe599800 nmethod 343 0x000001ece1d9d910 code [0x000001ece1d9dbe0, 0x000001ece1d9eae8]
Event: 0.248 Thread 0x000001ecfe652000  344       3       sun.nio.cs.SingleByte$Encoder::encode (32 bytes)
Event: 0.248 Thread 0x000001ecfe4a0800  345       1       java.nio.Buffer::position (5 bytes)
Event: 0.248 Thread 0x000001ecfe599800  346       1       java.nio.Buffer::limit (5 bytes)
Event: 0.248 Thread 0x000001ecfe4a0800 nmethod 345 0x000001ece91a9190 code [0x000001ece91a9340, 0x000001ece91a93f8]
Event: 0.248 Thread 0x000001ecfe4a0800  347       3       java.lang.StringUTF16::checkBoundsBeginEnd (10 bytes)
Event: 0.248 Thread 0x000001ecfe652000 nmethod 344 0x000001ece1d9f010 code [0x000001ece1d9f1c0, 0x000001ece1d9f378]
Event: 0.249 Thread 0x000001ecfe599800 nmethod 346 0x000001ece91a9490 code [0x000001ece91a9640, 0x000001ece91a96f8]
Event: 0.249 Thread 0x000001ecfe4a0800 nmethod 347 0x000001ece1d9f490 code [0x000001ece1d9f660, 0x000001ece1d9f7c8]
Event: 0.249 Thread 0x000001ecfe4a0800  348       3       java.util.Collections$UnmodifiableCollection$1::next (10 bytes)
Event: 0.249 Thread 0x000001ecfe4a0800 nmethod 348 0x000001ece1d9f910 code [0x000001ece1d9fac0, 0x000001ece1d9fc88]
Event: 0.249 Thread 0x000001ecfe652000  349       3       java.nio.Buffer::position (52 bytes)
Event: 0.249 Thread 0x000001ecfe68e800 nmethod 339% 0x000001ece91a9790 code [0x000001ece91a9920, 0x000001ece91a9b78]
Event: 0.250 Thread 0x000001ecfe652000 nmethod 349 0x000001ece1d9fd90 code [0x000001ece1d9ff60, 0x000001ece1da01c8]
Event: 0.250 Thread 0x000001ecfe599800  350       3       java.nio.ByteBuffer::arrayOffset (35 bytes)
Event: 0.250 Thread 0x000001ecfe4a0800  351       3       java.nio.CharBuffer::arrayOffset (35 bytes)
Event: 0.250 Thread 0x000001ecfe4a0800 nmethod 351 0x000001ece1da0290 code [0x000001ece1da0460, 0x000001ece1da06d8]
Event: 0.250 Thread 0x000001ecfe599800 nmethod 350 0x000001ece1da0810 code [0x000001ece1da09e0, 0x000001ece1da0c58]

GC Heap History (0 events):
No events

Deoptimization events (8 events):
Event: 0.148 Thread 0x000001ecd8e63800 Uncommon trap: trap_request=0xffffff4d fr.pc=0x000001ece9199aa8 relative=0x0000000000000188
Event: 0.148 Thread 0x000001ecd8e63800 Uncommon trap: reason=unstable_if action=reinterpret pc=0x000001ece9199aa8 method=java.lang.String.hashCode()I @ 22 c2
Event: 0.148 Thread 0x000001ecd8e63800 DEOPT PACKING pc=0x000001ece9199aa8 sp=0x000000bacbffe710
Event: 0.148 Thread 0x000001ecd8e63800 DEOPT UNPACKING pc=0x000001ece163a1af sp=0x000000bacbffe698 mode 2
Event: 0.162 Thread 0x000001ecd8e63800 Uncommon trap: trap_request=0xffffff4d fr.pc=0x000001ece919d7ac relative=0x000000000000018c
Event: 0.162 Thread 0x000001ecd8e63800 Uncommon trap: reason=unstable_if action=reinterpret pc=0x000001ece919d7ac method=java.lang.String.equals(Ljava/lang/Object;)Z @ 27 c2
Event: 0.162 Thread 0x000001ecd8e63800 DEOPT PACKING pc=0x000001ece919d7ac sp=0x000000bacbff8220
Event: 0.162 Thread 0x000001ecd8e63800 DEOPT UNPACKING pc=0x000001ece163a1af sp=0x000000bacbff81c0 mode 2

Classes redefined (0 events):
No events

Internal exceptions (2 events):
Event: 0.248 Thread 0x000001ecd8e63800 Exception <a 'java/io/FileNotFoundException'{0x000000071205e278}> (0x000000071205e278) thrown at [s\src\hotspot\share\prims\jni.cpp, line 617]
Event: 0.249 Thread 0x000001ecd8e63800 Exception <a 'java/lang/reflect/InvocationTargetException'{0x00000007120644d0}> (0x00000007120644d0) thrown at [s\src\hotspot\share\runtime\reflection.cpp, line 1245]

Events (20 events):
Event: 0.242 loading class org/jacoco/agent/rt/internal_43f5073/Agent$2
Event: 0.242 loading class org/jacoco/agent/rt/internal_43f5073/Agent$2 done
Event: 0.242 loading class java/lang/NoSuchFieldError
Event: 0.242 loading class java/lang/IncompatibleClassChangeError
Event: 0.242 loading class java/lang/IncompatibleClassChangeError done
Event: 0.242 loading class java/lang/NoSuchFieldError done
Event: 0.243 loading class org/jacoco/agent/rt/internal_43f5073/output/FileOutput
Event: 0.243 loading class org/jacoco/agent/rt/internal_43f5073/output/FileOutput done
Event: 0.247 loading class java/io/FileNotFoundException
Event: 0.247 loading class java/io/FileNotFoundException done
Event: 0.248 Executing VM operation: Deoptimize
Event: 0.248 Executing VM operation: Deoptimize done
Event: 0.248 loading class java/lang/Throwable$WrappedPrintStream
Event: 0.248 loading class java/lang/Throwable$PrintStreamOrWriter
Event: 0.248 loading class java/lang/Throwable$PrintStreamOrWriter done
Event: 0.248 loading class java/lang/Throwable$WrappedPrintStream done
Event: 0.248 loading class java/lang/StackTraceElement$HashedModules
Event: 0.249 loading class java/lang/StackTraceElement$HashedModules done
Event: 0.249 loading class java/lang/reflect/InvocationTargetException
Event: 0.249 loading class java/lang/reflect/InvocationTargetException done


Dynamic libraries:
0x00007ff6fb6e0000 - 0x00007ff6fb6ee000 	C:\Users\Пользователь\.jdks\corretto-11.0.26\bin\java.exe
0x00007ffa29830000 - 0x00007ffa29a28000 	C:\Windows\SYSTEM32\ntdll.dll
0x00007ffa29670000 - 0x00007ffa29732000 	C:\Windows\System32\KERNEL32.DLL
0x00007ffa271f0000 - 0x00007ffa274ef000 	C:\Windows\System32\KERNELBASE.dll
0x00007ffa26ec0000 - 0x00007ffa26fc0000 	C:\Windows\System32\ucrtbase.dll
0x00007ffa04d90000 - 0x00007ffa04da7000 	C:\Users\Пользователь\.jdks\corretto-11.0.26\bin\jli.dll
0x00007ffa04ef0000 - 0x00007ffa04f0b000 	C:\Users\Пользователь\.jdks\corretto-11.0.26\bin\VCRUNTIME140.dll
0x00007ffa29430000 - 0x00007ffa295cd000 	C:\Windows\System32\USER32.dll
0x00007ffa27610000 - 0x00007ffa27632000 	C:\Windows\System32\win32u.dll
0x00007ffa28bd0000 - 0x00007ffa28bfb000 	C:\Windows\System32\GDI32.dll
0x00007ffa27720000 - 0x00007ffa27837000 	C:\Windows\System32\gdi32full.dll
0x00007ffa26fc0000 - 0x00007ffa2705d000 	C:\Windows\System32\msvcp_win.dll
0x00007ffa161c0000 - 0x00007ffa1645a000 	C:\Windows\WinSxS\amd64_microsoft.windows.common-controls_6595b64144ccf1df_6.0.19041.4355_none_60b8b9eb71f62e16\COMCTL32.dll
0x00007ffa295d0000 - 0x00007ffa2966e000 	C:\Windows\System32\msvcrt.dll
0x00007ffa28220000 - 0x00007ffa2824f000 	C:\Windows\System32\IMM32.DLL
0x000000006f740000 - 0x000000006f74c000 	D:\360\Total Security\safemon\SafeWrapper.dll
0x00007ffa28d50000 - 0x00007ffa28e01000 	C:\Windows\System32\ADVAPI32.dll
0x00007ffa291d0000 - 0x00007ffa2926f000 	C:\Windows\System32\sechost.dll
0x00007ffa28960000 - 0x00007ffa28a83000 	C:\Windows\System32\RPCRT4.dll
0x00007ffa271c0000 - 0x00007ffa271e7000 	C:\Windows\System32\bcrypt.dll
0x00007ffa042e0000 - 0x00007ffa0438c000 	D:\360\Total Security\safemon\libzdtp64.dll
0x00007ffa27840000 - 0x00007ffa27fae000 	C:\Windows\System32\SHELL32.dll
0x00007ffa28b70000 - 0x00007ffa28bc5000 	C:\Windows\System32\SHLWAPI.dll
0x00007ffa26950000 - 0x00007ffa2695a000 	C:\Windows\SYSTEM32\VERSION.dll
0x00007ffa08cb0000 - 0x00007ffa08cbc000 	C:\Users\Пользователь\.jdks\corretto-11.0.26\bin\vcruntime140_1.dll
0x00007ff9f4150000 - 0x00007ff9f41dd000 	C:\Users\Пользователь\.jdks\corretto-11.0.26\bin\msvcp140.dll
0x00007ff9bdcb0000 - 0x00007ff9be875000 	C:\Users\Пользователь\.jdks\corretto-11.0.26\bin\server\jvm.dll
0x00007ffa28c20000 - 0x00007ffa28c8b000 	C:\Windows\System32\WS2_32.dll
0x00007ffa27fb0000 - 0x00007ffa27fb8000 	C:\Windows\System32\PSAPI.DLL
0x00007ffa1f040000 - 0x00007ffa1f067000 	C:\Windows\SYSTEM32\WINMM.dll
0x00007ffa24cf0000 - 0x00007ffa24d02000 	C:\Windows\SYSTEM32\kernel.appcore.dll
0x00007ffa08960000 - 0x00007ffa08970000 	C:\Users\Пользователь\.jdks\corretto-11.0.26\bin\verify.dll
0x00007ffa1da00000 - 0x00007ffa1dbe4000 	C:\Windows\SYSTEM32\DBGHELP.DLL
0x00007ffa0bba0000 - 0x00007ffa0bbd4000 	C:\Windows\SYSTEM32\dbgcore.DLL
0x00007ffa27640000 - 0x00007ffa276c2000 	C:\Windows\System32\bcryptPrimitives.dll
0x00007ff9fedb0000 - 0x00007ff9fedd8000 	C:\Users\Пользователь\.jdks\corretto-11.0.26\bin\java.dll
0x00007ffa08560000 - 0x00007ffa0856a000 	C:\Users\Пользователь\.jdks\corretto-11.0.26\bin\jimage.dll
0x00007ffa093e0000 - 0x00007ffa093ee000 	C:\Users\Пользователь\.jdks\corretto-11.0.26\bin\instrument.dll
0x00007ffa016d0000 - 0x00007ffa016e8000 	C:\Users\Пользователь\.jdks\corretto-11.0.26\bin\zip.dll
0x00007ffa24ef0000 - 0x00007ffa25694000 	C:\Windows\SYSTEM32\windows.storage.dll
0x00007ffa28e70000 - 0x00007ffa291c5000 	C:\Windows\System32\combase.dll
0x00007ffa267b0000 - 0x00007ffa267df000 	C:\Windows\SYSTEM32\Wldp.dll
0x00007ffa29270000 - 0x00007ffa2933d000 	C:\Windows\System32\OLEAUT32.dll
0x00007ffa28c90000 - 0x00007ffa28d3d000 	C:\Windows\System32\SHCORE.dll
0x00007ffa26df0000 - 0x00007ffa26e14000 	C:\Windows\SYSTEM32\profapi.dll
0x00007ff9fead0000 - 0x00007ff9feae9000 	C:\Users\Пользователь\.jdks\corretto-11.0.26\bin\net.dll
0x00007ffa20ef0000 - 0x00007ffa20ffd000 	C:\Windows\SYSTEM32\WINHTTP.dll
0x00007ffa26510000 - 0x00007ffa2657a000 	C:\Windows\system32\mswsock.dll
0x00007ff9feab0000 - 0x00007ff9feac2000 	C:\Users\Пользователь\.jdks\corretto-11.0.26\bin\nio.dll
0x00007ffa019e0000 - 0x00007ffa019f7000 	C:\Windows\system32\napinsp.dll
0x00007ffa0a990000 - 0x00007ffa0a9ab000 	C:\Windows\system32\pnrpnsp.dll
0x00007ffa07c30000 - 0x00007ffa07c45000 	C:\Windows\system32\wshbth.dll
0x00007ffa23c20000 - 0x00007ffa23c3d000 	C:\Windows\system32\NLAapi.dll
0x00007ffa261f0000 - 0x00007ffa2622b000 	C:\Windows\SYSTEM32\IPHLPAPI.DLL
0x00007ffa26230000 - 0x00007ffa262fa000 	C:\Windows\SYSTEM32\DNSAPI.dll
0x00007ffa280e0000 - 0x00007ffa280e8000 	C:\Windows\System32\NSI.dll
0x00007ffa0a9b0000 - 0x00007ffa0a9c2000 	C:\Windows\System32\winrnr.dll
0x00007ffa198e0000 - 0x00007ffa198ea000 	C:\Windows\System32\rasadhlp.dll
0x00007ffa1a8c0000 - 0x00007ffa1a940000 	C:\Windows\System32\fwpuclnt.dll

dbghelp: loaded successfully - version: 4.0.5 - missing functions: none
symbol engine: initialized successfully - sym options: 0x614 - pdb path: .;C:\Users\Пользователь\.jdks\corretto-11.0.26\bin;C:\Windows\SYSTEM32;C:\Windows\WinSxS\amd64_microsoft.windows.common-controls_6595b64144ccf1df_6.0.19041.4355_none_60b8b9eb71f62e16;D:\360\Total Security\safemon;C:\Users\Пользователь\.jdks\corretto-11.0.26\bin\server

VM Arguments:
jvm_args: -javaagent:C:\\Users\\Пользователь\\.m2\\repository\\org\\jacoco\\org.jacoco.agent\\0.8.5\\org.jacoco.agent-0.8.5-runtime.jar=destfile=C:\\Users\\Пользователь\\Desktop\\JACOCO\\target\\jacoco.exec 
java_command: C:\Users\73B5~1\AppData\Local\Temp\surefire8572559523731473846\surefirebooter1331693883812744055.jar C:\Users\Пользователь\AppData\Local\Temp\surefire8572559523731473846 2025-02-05T15-39-31_192-jvmRun1 surefire6027265859946738542tmp surefire_013550743352041784330tmp
java_class_path (initial): C:\Users\73B5~1\AppData\Local\Temp\surefire8572559523731473846\surefirebooter1331693883812744055.jar
Launcher Type: SUN_STANDARD

[Global flags]
     intx CICompilerCount                          = 12                                        {product} {ergonomic}
     uint ConcGCThreads                            = 4                                         {product} {ergonomic}
     uint G1ConcRefinementThreads                  = 15                                        {product} {ergonomic}
   size_t G1HeapRegionSize                         = 1048576                                   {product} {ergonomic}
    uintx GCDrainStackTargetSize                   = 64                                        {product} {ergonomic}
   size_t InitialHeapSize                          = 266338304                                 {product} {ergonomic}
   size_t MarkStackSize                            = 4194304                                   {product} {ergonomic}
   size_t MaxHeapSize                              = 4255121408                                {product} {ergonomic}
   size_t MaxNewSize                               = 2552233984                                {product} {ergonomic}
   size_t MinHeapDeltaBytes                        = 1048576                                   {product} {ergonomic}
    uintx NonNMethodCodeHeapSize                   = 7594288                                {pd product} {ergonomic}
    uintx NonProfiledCodeHeapSize                  = 122031976                              {pd product} {ergonomic}
    uintx ProfiledCodeHeapSize                     = 122031976                              {pd product} {ergonomic}
    uintx ReservedCodeCacheSize                    = 251658240                              {pd product} {ergonomic}
     bool SegmentedCodeCache                       = true                                      {product} {ergonomic}
     bool UseCompressedClassPointers               = true                                 {lp64_product} {ergonomic}
     bool UseCompressedOops                        = true                                 {lp64_product} {ergonomic}
     bool UseG1GC                                  = true                                      {product} {ergonomic}
     bool UseLargePagesIndividualAllocation        = false                                  {pd product} {ergonomic}

Logging:
Log output configuration:
 #0: stdout all=warning uptime,level,tags
 #1: stderr all=off uptime,level,tags

Environment Variables:
PATH=C:\Windows\system32;C:\Windows;C:\Windows\System32\Wbem;C:\Windows\System32\WindowsPowerShell\v1.0\;C:\Windows\System32\OpenSSH\;C:\Users\Пользователь\AppData\Local\Programs\Eclipse Adoptium\jdk-11.0.25.9-hotspot\bin;C:\Users\Пользователь\AppData\Local\Microsoft\WindowsApps;C:\adb;D:\Git\cmd;C:\Users\Пользователь\AppData\Local\Programs\Eclipse Adoptium\jdk-11.0.25.9-hotspot\bin;C:\Users\Пользователь\AppData\Local\Microsoft\WindowsApps;D:\Microsoft VS Code\bin
USERNAME=Пользователь
OS=Windows_NT
PROCESSOR_IDENTIFIER=Intel64 Family 6 Model 79 Stepping 1, GenuineIntel
TMP=C:\Users\73B5~1\AppData\Local\Temp
TEMP=C:\Users\73B5~1\AppData\Local\Temp



---------------  S Y S T E M  ---------------

OS: Windows 10 , 64 bit Build 19041 (10.0.19041.5198)
OS uptime: 0 days 5:51 hours

CPU:total 20 (initial active 20) (10 cores per cpu, 2 threads per core) family 6 model 79 stepping 1 microcode 0xb000038, cmov, cx8, fxsr, mmx, sse, sse2, sse3, ssse3, sse4.1, sse4.2, popcnt, avx, avx2, aes, clmul, erms, rtm, 3dnowpref, lzcnt, ht, tsc, tscinvbit, bmi1, bmi2, adx, fma

Memory: 4k page, system-wide physical 16225M (3952M free)
TotalPageFile size 18657M (AvailPageFile size 3996M)
current process WorkingSet (physical memory assigned to process): 47M, peak: 47M
current process commit charge ("private bytes"): 357M, peak: 357M

vm_info: OpenJDK 64-Bit Server VM (11.0.26+4-LTS) for windows-amd64 JRE (11.0.26+4-LTS), built on Jan 13 2025 17:23:34 by "Administrator" with MS VC++ 16.10 / 16.11 (VS2019)

END.
